[0927/105301.081:ERROR:process_reader_win.cc(123)] NtOpenThread: {Access Denied} A process has requested access to an object, but has not been granted those access rights. (0xc0000022)
[0927/105301.001:ERROR:process_reader_win.cc(123)] NtOpenThread: {Access Denied} A process has requested access to an object, but has not been granted those access rights. (0xc0000022)
[0927/105301.665:ERROR:exception_snapshot_win.cc(99)] thread ID 5860 not found in process
[0927/105301.214:ERROR:process_reader_win.cc(123)] NtOpenThread: {Access Denied} A process has requested access to an object, but has not been granted those access rights. (0xc0000022)
[0927/105301.665:ERROR:exception_snapshot_win.cc(99)] thread ID 15960 not found in process
[0927/105301.665:ERROR:exception_snapshot_win.cc(99)] thread ID 16044 not found in process
[0927/105301.010:ERROR:process_reader_win.cc(123)] NtOpenThread: {Access Denied} A process has requested access to an object, but has not been granted those access rights. (0xc0000022)
[0927/105301.031:ERROR:process_reader_win.cc(123)] NtOpenThread: {Access Denied} A process has requested access to an object, but has not been granted those access rights. (0xc0000022)
[0927/105301.076:ERROR:process_reader_win.cc(123)] NtOpenThread: {Access Denied} A process has requested access to an object, but has not been granted those access rights. (0xc0000022)
[0927/105301.032:ERROR:process_reader_win.cc(123)] NtOpenThread: {Access Denied} A process has requested access to an object, but has not been granted those access rights. (0xc0000022)
[0927/105301.035:ERROR:process_reader_win.cc(123)] NtOpenThread: {Access Denied} A process has requested access to an object, but has not been granted those access rights. (0xc0000022)
[0927/105301.035:ERROR:process_reader_win.cc(123)] NtOpenThread: {Access Denied} A process has requested access to an object, but has not been granted those access rights. (0xc0000022)
[0927/105301.216:ERROR:process_reader_win.cc(123)] NtOpenThread: {Access Denied} A process has requested access to an object, but has not been granted those access rights. (0xc0000022)
[0927/105302.012:ERROR:exception_snapshot_win.cc(99)] thread ID 1740 not found in process
[0927/105302.012:ERROR:exception_snapshot_win.cc(99)] thread ID 4572 not found in process
[0927/105302.012:ERROR:exception_snapshot_win.cc(99)] thread ID 16880 not found in process
[0927/105301.666:ERROR:process_reader_win.cc(123)] NtOpenThread: {Access Denied} A process has requested access to an object, but has not been granted those access rights. (0xc0000022)
[0927/105302.012:ERROR:exception_snapshot_win.cc(99)] thread ID 4292 not found in process
[0927/105302.012:ERROR:exception_snapshot_win.cc(99)] thread ID 15104 not found in process
[0927/105301.079:ERROR:process_reader_win.cc(123)] NtOpenThread: {Access Denied} A process has requested access to an object, but has not been granted those access rights. (0xc0000022)
[0927/105302.012:ERROR:exception_snapshot_win.cc(99)] thread ID 10496 not found in process
[0927/105302.012:ERROR:exception_snapshot_win.cc(99)] thread ID 9208 not found in process
[0927/105302.013:ERROR:exception_snapshot_win.cc(99)] thread ID 8848 not found in process
[0927/105302.013:ERROR:exception_snapshot_win.cc(99)] thread ID 17152 not found in process
[0927/105302.162:ERROR:process_reader_win.cc(123)] NtOpenThread: {Access Denied} A process has requested access to an object, but has not been granted those access rights. (0xc0000022)
[0927/105302.162:ERROR:exception_snapshot_win.cc(99)] thread ID 16984 not found in process
[0927/105302.174:ERROR:process_reader_win.cc(123)] NtOpenThread: {Access Denied} A process has requested access to an object, but has not been granted those access rights. (0xc0000022)
[0927/105302.174:ERROR:exception_snapshot_win.cc(99)] thread ID 10896 not found in process
[0927/105302.176:ERROR:process_reader_win.cc(123)] NtOpenThread: {Access Denied} A process has requested access to an object, but has not been granted those access rights. (0xc0000022)
[0927/105302.176:ERROR:exception_snapshot_win.cc(99)] thread ID 7976 not found in process
[0929/170115.560:ERROR:process_memory_win.cc(73)] ReadMemory at 0x18410d4ad10 of 72 bytes failed: Only part of a ReadProcessMemory or WriteProcessMemory request was completed. (0x12B)
[0929/170115.680:WARNING:pe_image_annotations_reader.cc(135)] could not read annotations list object in C:\Program Files (x86)\Google\Chrome\Application\85.0.4183.121\chrome_elf.dll
[0929/170115.680:ERROR:process_memory_win.cc(73)] ReadMemory at 0x7ff8193b0000 of 64 bytes failed: Only part of a ReadProcessMemory or WriteProcessMemory request was completed. (0x12B)
[0929/170115.680:WARNING:pe_image_reader.cc(340)] could not read dos header from C:\Windows\SYSTEM32\VERSION.dll
[0929/170115.680:ERROR:process_memory_win.cc(73)] ReadMemory at 0x7ff826b50000 of 64 bytes failed: Only part of a ReadProcessMemory or WriteProcessMemory request was completed. (0x12B)
[0929/170115.680:WARNING:pe_image_reader.cc(340)] could not read dos header from C:\Windows\System32\msvcrt.dll
[0929/170115.680:ERROR:process_memory_win.cc(73)] ReadMemory at 0x7ff825570000 of 64 bytes failed: Only part of a ReadProcessMemory or WriteProcessMemory request was completed. (0x12B)
[0929/170115.681:WARNING:pe_image_reader.cc(340)] could not read dos header from C:\Windows\System32\bcryptPrimitives.dll
[0929/170115.681:ERROR:process_memory_win.cc(73)] ReadMemory at 0x7ff827380000 of 64 bytes failed: Only part of a ReadProcessMemory or WriteProcessMemory request was completed. (0x12B)
[0929/170115.681:WARNING:pe_image_reader.cc(340)] could not read dos header from C:\Windows\System32\ADVAPI32.dll
[0929/170115.681:ERROR:process_memory_win.cc(73)] ReadMemory at 0x7ff826e30000 of 64 bytes failed: Only part of a ReadProcessMemory or WriteProcessMemory request was completed. (0x12B)
[0929/170115.681:WARNING:pe_image_reader.cc(340)] could not read dos header from C:\Windows\System32\sechost.dll
[0929/170115.681:ERROR:process_memory_win.cc(73)] ReadMemory at 0x7ff825bb0000 of 64 bytes failed: Only part of a ReadProcessMemory or WriteProcessMemory request was completed. (0x12B)
[0929/170115.681:WARNING:pe_image_reader.cc(340)] could not read dos header from C:\Windows\System32\RPCRT4.dll
[0929/170115.681:ERROR:process_memory_win.cc(73)] ReadMemory at 0x7fffe3370000 of 64 bytes failed: Only part of a ReadProcessMemory or WriteProcessMemory request was completed. (0x12B)
[0929/170115.681:WARNING:pe_image_reader.cc(340)] could not read dos header from C:\Program Files (x86)\Google\Chrome\Application\85.0.4183.121\chrome.dll
[0929/170115.681:ERROR:process_memory_win.cc(73)] ReadMemory at 0x7ff8260c0000 of 64 bytes failed: Only part of a ReadProcessMemory or WriteProcessMemory request was completed. (0x12B)
[0929/170115.681:WARNING:pe_image_reader.cc(340)] could not read dos header from C:\Windows\System32\WS2_32.dll
[0929/170115.681:ERROR:process_memory_win.cc(73)] ReadMemory at 0x7ff825a70000 of 64 bytes failed: Only part of a ReadProcessMemory or WriteProcessMemory request was completed. (0x12B)
[0929/170115.681:WARNING:pe_image_reader.cc(340)] could not read dos header from C:\Windows\System32\OLEAUT32.dll
[0929/170115.681:ERROR:process_memory_win.cc(73)] ReadMemory at 0x7ff825160000 of 64 bytes failed: Only part of a ReadProcessMemory or WriteProcessMemory request was completed. (0x12B)
[0929/170115.681:WARNING:pe_image_reader.cc(340)] could not read dos header from C:\Windows\System32\msvcp_win.dll
[0929/170115.681:ERROR:process_memory_win.cc(73)] ReadMemory at 0x7ff824e70000 of 64 bytes failed: Only part of a ReadProcessMemory or WriteProcessMemory request was completed. (0x12B)
[0929/170115.681:WARNING:pe_image_reader.cc(340)] could not read dos header from C:\Windows\System32\ucrtbase.dll
[0929/170115.681:ERROR:process_memory_win.cc(73)] ReadMemory at 0x7ff825cd0000 of 64 bytes failed: Only part of a ReadProcessMemory or WriteProcessMemory request was completed. (0x12B)
[0929/170115.681:WARNING:pe_image_reader.cc(340)] could not read dos header from C:\Windows\System32\combase.dll
[0929/170115.681:ERROR:process_memory_win.cc(73)] ReadMemory at 0x7ff825260000 of 64 bytes failed: Only part of a ReadProcessMemory or WriteProcessMemory request was completed. (0x12B)
[0929/170115.681:WARNING:pe_image_reader.cc(340)] could not read dos header from C:\Windows\System32\WINTRUST.dll
[0929/170115.681:ERROR:process_memory_win.cc(73)] ReadMemory at 0x7ff8244b0000 of 64 bytes failed: Only part of a ReadProcessMemory or WriteProcessMemory request was completed. (0x12B)
[0929/170115.681:WARNING:pe_image_reader.cc(340)] could not read dos header from C:\Windows\System32\MSASN1.dll
[0929/170115.681:ERROR:process_memory_win.cc(73)] ReadMemory at 0x7ff8245a0000 of 64 bytes failed: Only part of a ReadProcessMemory or WriteProcessMemory request was completed. (0x12B)
[0929/170115.681:WARNING:pe_image_reader.cc(340)] could not read dos header from C:\Windows\System32\CRYPT32.dll
[0929/170115.682:ERROR:process_memory_win.cc(73)] ReadMemory at 0x7ff823980000 of 64 bytes failed: Only part of a ReadProcessMemory or WriteProcessMemory request was completed. (0x12B)
[0929/170115.682:WARNING:pe_image_reader.cc(340)] could not read dos header from C:\Windows\SYSTEM32\IPHLPAPI.DLL
[0929/170115.682:ERROR:process_memory_win.cc(73)] ReadMemory at 0x7ff8216e0000 of 64 bytes failed: Only part of a ReadProcessMemory or WriteProcessMemory request was completed. (0x12B)
[0929/170115.682:WARNING:pe_image_reader.cc(340)] could not read dos header from C:\Windows\SYSTEM32\WINMM.dll
[0929/170115.682:ERROR:process_memory_win.cc(73)] ReadMemory at 0x7ff807b90000 of 64 bytes failed: Only part of a ReadProcessMemory or WriteProcessMemory request was completed. (0x12B)
[0929/170115.682:WARNING:pe_image_reader.cc(340)] could not read dos header from C:\Windows\SYSTEM32\UIAutomationCore.DLL
[0929/170115.682:ERROR:process_memory_win.cc(73)] ReadMemory at 0x7ff80f900000 of 64 bytes failed: Only part of a ReadProcessMemory or WriteProcessMemory request was completed. (0x12B)
[0929/170115.682:WARNING:pe_image_reader.cc(340)] could not read dos header from C:\Windows\SYSTEM32\Secur32.dll
[0929/170115.682:ERROR:process_memory_win.cc(73)] ReadMemory at 0x7ff824300000 of 64 bytes failed: Only part of a ReadProcessMemory or WriteProcessMemory request was completed. (0x12B)
[0929/170115.682:WARNING:pe_image_reader.cc(340)] could not read dos header from C:\Windows\SYSTEM32\USERENV.dll
[0929/170115.682:ERROR:process_memory_win.cc(73)] ReadMemory at 0x7ff824420000 of 64 bytes failed: Only part of a ReadProcessMemory or WriteProcessMemory request was completed. (0x12B)
[0929/170115.682:WARNING:pe_image_reader.cc(340)] could not read dos header from C:\Windows\System32\profapi.dll
[0929/170115.682:ERROR:process_memory_win.cc(73)] ReadMemory at 0x7ff81c510000 of 64 bytes failed: Only part of a ReadProcessMemory or WriteProcessMemory request was completed. (0x12B)
[0929/170115.682:WARNING:pe_image_reader.cc(340)] could not read dos header from C:\Windows\SYSTEM32\DWrite.dll
[0929/170115.682:ERROR:process_memory_win.cc(73)] ReadMemory at 0x7ff80fac0000 of 64 bytes failed: Only part of a ReadProcessMemory or WriteProcessMemory request was completed. (0x12B)
[0929/170115.682:WARNING:pe_image_reader.cc(340)] could not read dos header from C:\Windows\SYSTEM32\WINSPOOL.DRV
[0929/170115.682:ERROR:process_memory_win.cc(73)] ReadMemory at 0x7ff824490000 of 64 bytes failed: Only part of a ReadProcessMemory or WriteProcessMemory request was completed. (0x12B)
[0929/170115.682:WARNING:pe_image_reader.cc(340)] could not read dos header from C:\Windows\System32\kernel.appcore.dll
[0929/170115.682:ERROR:process_memory_win.cc(73)] ReadMemory at 0x7ff825230000 of 64 bytes failed: Only part of a ReadProcessMemory or WriteProcessMemory request was completed. (0x12B)
[0929/170115.682:WARNING:pe_image_reader.cc(340)] could not read dos header from C:\Windows\System32\bcrypt.dll
[0929/170115.682:ERROR:process_memory_win.cc(73)] ReadMemory at 0x7ff818220000 of 64 bytes failed: Only part of a ReadProcessMemory or WriteProcessMemory request was completed. (0x12B)
[0929/170115.682:WARNING:pe_image_reader.cc(340)] could not read dos header from C:\Windows\SYSTEM32\dbghelp.dll
[0929/170115.682:ERROR:process_memory_win.cc(73)] ReadMemory at 0x7ff81a5d0000 of 64 bytes failed: Only part of a ReadProcessMemory or WriteProcessMemory request was completed. (0x12B)
[0929/170115.682:WARNING:pe_image_reader.cc(340)] could not read dos header from C:\Windows\SYSTEM32\WINHTTP.dll
[0929/170115.683:ERROR:process_memory_win.cc(73)] ReadMemory at 0x7ff81b710000 of 64 bytes failed: Only part of a ReadProcessMemory or WriteProcessMemory request was completed. (0x12B)
[0929/170115.683:WARNING:pe_image_reader.cc(340)] could not read dos header from C:\Windows\SYSTEM32\dhcpcsvc.DLL
[0929/170115.683:ERROR:process_memory_win.cc(73)] ReadMemory at 0x7ff8261b0000 of 64 bytes failed: Only part of a ReadProcessMemory or WriteProcessMemory request was completed. (0x12B)
[0929/170115.683:WARNING:pe_image_reader.cc(340)] could not read dos header from C:\Windows\System32\NSI.dll
[0929/170115.683:ERROR:process_memory_win.cc(73)] ReadMemory at 0x7ff8216b0000 of 64 bytes failed: Only part of a ReadProcessMemory or WriteProcessMemory request was completed. (0x12B)
[0929/170115.683:WARNING:pe_image_reader.cc(340)] could not read dos header from C:\Windows\SYSTEM32\WINMMBASE.dll
[0929/170115.683:ERROR:process_memory_win.cc(73)] ReadMemory at 0x7ff824f70000 of 64 bytes failed: Only part of a ReadProcessMemory or WriteProcessMemory request was completed. (0x12B)
[0929/170115.683:WARNING:pe_image_reader.cc(340)] could not read dos header from C:\Windows\System32\cfgmgr32.dll
[0929/170115.683:ERROR:process_memory_win.cc(73)] ReadMemory at 0x7ff820e20000 of 64 bytes failed: Only part of a ReadProcessMemory or WriteProcessMemory request was completed. (0x12B)
[0929/170115.683:WARNING:pe_image_reader.cc(340)] could not read dos header from C:\Windows\SYSTEM32\PROPSYS.dll
[0929/170115.683:ERROR:process_memory_win.cc(73)] ReadMemory at 0x7ff826aa0000 of 64 bytes failed: Only part of a ReadProcessMemory or WriteProcessMemory request was completed. (0x12B)
[0929/170115.683:WARNING:pe_image_reader.cc(340)] could not read dos header from C:\Windows\System32\shcore.dll
[0929/170115.683:ERROR:process_memory_win.cc(73)] ReadMemory at 0x7ff824330000 of 64 bytes failed: Only part of a ReadProcessMemory or WriteProcessMemory request was completed. (0x12B)
[0929/170115.683:WARNING:pe_image_reader.cc(340)] could not read dos header from C:\Windows\SYSTEM32\SSPICLI.DLL
[0929/170115.683:ERROR:process_memory_win.cc(73)] ReadMemory at 0x7ff8261c0000 of 64 bytes failed: Only part of a ReadProcessMemory or WriteProcessMemory request was completed. (0x12B)
[0929/170115.683:WARNING:pe_image_reader.cc(340)] could not read dos header from C:\Windows\System32\SHELL32.dll
[0929/170115.683:ERROR:process_memory_win.cc(73)] ReadMemory at 0x7ff8246f0000 of 64 bytes failed: Only part of a ReadProcessMemory or WriteProcessMemory request was completed. (0x12B)
[0929/170115.683:WARNING:pe_image_reader.cc(340)] could not read dos header from C:\Windows\System32\windows.storage.dll
[0929/170115.683:ERROR:process_memory_win.cc(73)] ReadMemory at 0x7ff824440000 of 64 bytes failed: Only part of a ReadProcessMemory or WriteProcessMemory request was completed. (0x12B)
[0929/170115.683:WARNING:pe_image_reader.cc(340)] could not read dos header from C:\Windows\System32\powrprof.dll
[0929/170115.683:ERROR:process_memory_win.cc(73)] ReadMemory at 0x7ff824410000 of 64 bytes failed: Only part of a ReadProcessMemory or WriteProcessMemory request was completed. (0x12B)
[0929/170115.683:WARNING:pe_image_reader.cc(340)] could not read dos header from C:\Windows\System32\UMPDC.dll
[0929/170115.683:ERROR:process_memory_win.cc(73)] ReadMemory at 0x7ff826ed0000 of 64 bytes failed: Only part of a ReadProcessMemory or WriteProcessMemory request was completed. (0x12B)
[0929/170115.683:WARNING:pe_image_reader.cc(340)] could not read dos header from C:\Windows\System32\shlwapi.dll
[0929/170115.684:ERROR:process_memory_win.cc(73)] ReadMemory at 0x7ff826010000 of 64 bytes failed: Only part of a ReadProcessMemory or WriteProcessMemory request was completed. (0x12B)
[0929/170115.684:WARNING:pe_image_reader.cc(340)] could not read dos header from C:\Windows\System32\GDI32.dll
[0929/170115.684:ERROR:process_memory_win.cc(73)] ReadMemory at 0x7ff825200000 of 64 bytes failed: Only part of a ReadProcessMemory or WriteProcessMemory request was completed. (0x12B)
[0929/170115.684:WARNING:pe_image_reader.cc(340)] could not read dos header from C:\Windows\System32\win32u.dll
[0929/170115.684:ERROR:process_memory_win.cc(73)] ReadMemory at 0x7ff824fc0000 of 64 bytes failed: Only part of a ReadProcessMemory or WriteProcessMemory request was completed. (0x12B)
[0929/170115.684:WARNING:pe_image_reader.cc(340)] could not read dos header from C:\Windows\System32\gdi32full.dll
[0929/170115.684:ERROR:process_memory_win.cc(73)] ReadMemory at 0x7ff826f90000 of 64 bytes failed: Only part of a ReadProcessMemory or WriteProcessMemory request was completed. (0x12B)
[0929/170115.684:WARNING:pe_image_reader.cc(340)] could not read dos header from C:\Windows\System32\USER32.dll
[0929/170115.684:ERROR:process_memory_win.cc(73)] ReadMemory at 0x7ff824580000 of 64 bytes failed: Only part of a ReadProcessMemory or WriteProcessMemory request was completed. (0x12B)
[0929/170115.684:WARNING:pe_image_reader.cc(340)] could not read dos header from C:\Windows\System32\cryptsp.dll
[0929/170115.684:ERROR:process_memory_win.cc(73)] ReadMemory at 0x7ff827350000 of 64 bytes failed: Only part of a ReadProcessMemory or WriteProcessMemory request was completed. (0x12B)
[0929/170115.684:WARNING:pe_image_reader.cc(340)] could not read dos header from C:\Windows\System32\IMM32.DLL
[0929/170115.684:ERROR:process_memory_win.cc(73)] ReadMemory at 0x7ff823df0000 of 64 bytes failed: Only part of a ReadProcessMemory or WriteProcessMemory request was completed. (0x12B)
[0929/170115.684:WARNING:pe_image_reader.cc(340)] could not read dos header from C:\Windows\SYSTEM32\CRYPTBASE.DLL
[0929/170115.684:ERROR:process_memory_win.cc(73)] ReadMemory at 0x7ff64af60000 of 64 bytes failed: Only part of a ReadProcessMemory or WriteProcessMemory request was completed. (0x12B)
[0929/170115.684:WARNING:pe_image_reader.cc(340)] could not read dos header from C:\Program Files (x86)\Google\Chrome\Application\chrome.exe
[0929/170115.684:ERROR:process_memory_win.cc(73)] ReadMemory at 0x7ff827540000 of 64 bytes failed: Only part of a ReadProcessMemory or WriteProcessMemory request was completed. (0x12B)
[0929/170115.684:WARNING:pe_image_reader.cc(340)] could not read dos header from C:\Windows\SYSTEM32\ntdll.dll
[0929/170115.684:ERROR:process_memory_win.cc(73)] ReadMemory at 0x7ff8268a0000 of 64 bytes failed: Only part of a ReadProcessMemory or WriteProcessMemory request was completed. (0x12B)
[0929/170115.684:WARNING:pe_image_reader.cc(340)] could not read dos header from C:\Windows\System32\KERNEL32.DLL
[0929/170115.684:ERROR:process_memory_win.cc(73)] ReadMemory at 0x7ff8252c0000 of 64 bytes failed: Only part of a ReadProcessMemory or WriteProcessMemory request was completed. (0x12B)
[0929/170115.685:WARNING:pe_image_reader.cc(340)] could not read dos header from C:\Windows\System32\KERNELBASE.dll
[0929/170115.685:ERROR:process_memory_win.cc(73)] ReadMemory at 0x7ff8013d0000 of 64 bytes failed: Only part of a ReadProcessMemory or WriteProcessMemory request was completed. (0x12B)
[0929/170115.685:WARNING:pe_image_reader.cc(340)] could not read dos header from C:\Program Files (x86)\Google\Chrome\Application\85.0.4183.121\chrome_elf.dll
[0929/170115.685:ERROR:process_memory_win.cc(73)] ReadMemory at 0x7ff8193b0000 of 64 bytes failed: Only part of a ReadProcessMemory or WriteProcessMemory request was completed. (0x12B)
[0929/170115.685:WARNING:pe_image_reader.cc(340)] could not read dos header from C:\Windows\SYSTEM32\VERSION.dll
[0929/170115.685:ERROR:process_memory_win.cc(73)] ReadMemory at 0x7ff826b50000 of 64 bytes failed: Only part of a ReadProcessMemory or WriteProcessMemory request was completed. (0x12B)
[0929/170115.685:WARNING:pe_image_reader.cc(340)] could not read dos header from C:\Windows\System32\msvcrt.dll
[0929/170115.685:ERROR:process_memory_win.cc(73)] ReadMemory at 0x7ff825570000 of 64 bytes failed: Only part of a ReadProcessMemory or WriteProcessMemory request was completed. (0x12B)
[0929/170115.685:WARNING:pe_image_reader.cc(340)] could not read dos header from C:\Windows\System32\bcryptPrimitives.dll
[0929/170115.685:ERROR:process_memory_win.cc(73)] ReadMemory at 0x7ff827380000 of 64 bytes failed: Only part of a ReadProcessMemory or WriteProcessMemory request was completed. (0x12B)
[0929/170115.685:WARNING:pe_image_reader.cc(340)] could not read dos header from C:\Windows\System32\ADVAPI32.dll
[0929/170115.685:ERROR:process_memory_win.cc(73)] ReadMemory at 0x7ff826e30000 of 64 bytes failed: Only part of a ReadProcessMemory or WriteProcessMemory request was completed. (0x12B)
[0929/170115.685:WARNING:pe_image_reader.cc(340)] could not read dos header from C:\Windows\System32\sechost.dll
[0929/170115.685:ERROR:process_memory_win.cc(73)] ReadMemory at 0x7ff825bb0000 of 64 bytes failed: Only part of a ReadProcessMemory or WriteProcessMemory request was completed. (0x12B)
[0929/170115.685:WARNING:pe_image_reader.cc(340)] could not read dos header from C:\Windows\System32\RPCRT4.dll
[0929/170115.685:ERROR:process_memory_win.cc(73)] ReadMemory at 0x7fffe3370000 of 64 bytes failed: Only part of a ReadProcessMemory or WriteProcessMemory request was completed. (0x12B)
[0929/170115.685:WARNING:pe_image_reader.cc(340)] could not read dos header from C:\Program Files (x86)\Google\Chrome\Application\85.0.4183.121\chrome.dll
[0929/170115.685:ERROR:process_memory_win.cc(73)] ReadMemory at 0x7ff8260c0000 of 64 bytes failed: Only part of a ReadProcessMemory or WriteProcessMemory request was completed. (0x12B)
[0929/170115.685:WARNING:pe_image_reader.cc(340)] could not read dos header from C:\Windows\System32\WS2_32.dll
[0929/170115.685:ERROR:process_memory_win.cc(73)] ReadMemory at 0x7ff825a70000 of 64 bytes failed: Only part of a ReadProcessMemory or WriteProcessMemory request was completed. (0x12B)
[0929/170115.685:WARNING:pe_image_reader.cc(340)] could not read dos header from C:\Windows\System32\OLEAUT32.dll
[0929/170115.686:ERROR:process_memory_win.cc(73)] ReadMemory at 0x7ff825160000 of 64 bytes failed: Only part of a ReadProcessMemory or WriteProcessMemory request was completed. (0x12B)
[0929/170115.686:WARNING:pe_image_reader.cc(340)] could not read dos header from C:\Windows\System32\msvcp_win.dll
[0929/170115.686:ERROR:process_memory_win.cc(73)] ReadMemory at 0x7ff824e70000 of 64 bytes failed: Only part of a ReadProcessMemory or WriteProcessMemory request was completed. (0x12B)
[0929/170115.686:WARNING:pe_image_reader.cc(340)] could not read dos header from C:\Windows\System32\ucrtbase.dll
[0929/170115.686:ERROR:process_memory_win.cc(73)] ReadMemory at 0x7ff825cd0000 of 64 bytes failed: Only part of a ReadProcessMemory or WriteProcessMemory request was completed. (0x12B)
[0929/170115.686:WARNING:pe_image_reader.cc(340)] could not read dos header from C:\Windows\System32\combase.dll
[0929/170115.686:ERROR:process_memory_win.cc(73)] ReadMemory at 0x7ff825260000 of 64 bytes failed: Only part of a ReadProcessMemory or WriteProcessMemory request was completed. (0x12B)
[0929/170115.686:WARNING:pe_image_reader.cc(340)] could not read dos header from C:\Windows\System32\WINTRUST.dll
[0929/170115.686:ERROR:process_memory_win.cc(73)] ReadMemory at 0x7ff8244b0000 of 64 bytes failed: Only part of a ReadProcessMemory or WriteProcessMemory request was completed. (0x12B)
[0929/170115.686:WARNING:pe_image_reader.cc(340)] could not read dos header from C:\Windows\System32\MSASN1.dll
[0929/170115.686:ERROR:process_memory_win.cc(73)] ReadMemory at 0x7ff8245a0000 of 64 bytes failed: Only part of a ReadProcessMemory or WriteProcessMemory request was completed. (0x12B)
[0929/170115.686:WARNING:pe_image_reader.cc(340)] could not read dos header from C:\Windows\System32\CRYPT32.dll
[0929/170115.686:ERROR:process_memory_win.cc(73)] ReadMemory at 0x7ff823980000 of 64 bytes failed: Only part of a ReadProcessMemory or WriteProcessMemory request was completed. (0x12B)
[0929/170115.686:WARNING:pe_image_reader.cc(340)] could not read dos header from C:\Windows\SYSTEM32\IPHLPAPI.DLL
[0929/170115.686:ERROR:process_memory_win.cc(73)] ReadMemory at 0x7ff8216e0000 of 64 bytes failed: Only part of a ReadProcessMemory or WriteProcessMemory request was completed. (0x12B)
[0929/170115.686:WARNING:pe_image_reader.cc(340)] could not read dos header from C:\Windows\SYSTEM32\WINMM.dll
[0929/170115.686:ERROR:process_memory_win.cc(73)] ReadMemory at 0x7ff807b90000 of 64 bytes failed: Only part of a ReadProcessMemory or WriteProcessMemory request was completed. (0x12B)
[0929/170115.686:WARNING:pe_image_reader.cc(340)] could not read dos header from C:\Windows\SYSTEM32\UIAutomationCore.DLL
[0929/170115.687:ERROR:process_memory_win.cc(73)] ReadMemory at 0x7ff80f900000 of 64 bytes failed: Only part of a ReadProcessMemory or WriteProcessMemory request was completed. (0x12B)
[0929/170115.687:WARNING:pe_image_reader.cc(340)] could not read dos header from C:\Windows\SYSTEM32\Secur32.dll
[0929/170115.687:ERROR:process_memory_win.cc(73)] ReadMemory at 0x7ff824300000 of 64 bytes failed: Only part of a ReadProcessMemory or WriteProcessMemory request was completed. (0x12B)
[0929/170115.687:WARNING:pe_image_reader.cc(340)] could not read dos header from C:\Windows\SYSTEM32\USERENV.dll
[0929/170115.687:ERROR:process_memory_win.cc(73)] ReadMemory at 0x7ff824420000 of 64 bytes failed: Only part of a ReadProcessMemory or WriteProcessMemory request was completed. (0x12B)
[0929/170115.687:WARNING:pe_image_reader.cc(340)] could not read dos header from C:\Windows\System32\profapi.dll
[0929/170115.687:ERROR:process_memory_win.cc(73)] ReadMemory at 0x7ff81c510000 of 64 bytes failed: Only part of a ReadProcessMemory or WriteProcessMemory request was completed. (0x12B)
[0929/170115.687:WARNING:pe_image_reader.cc(340)] could not read dos header from C:\Windows\SYSTEM32\DWrite.dll
[0929/170115.687:ERROR:process_memory_win.cc(73)] ReadMemory at 0x7ff80fac0000 of 64 bytes failed: Only part of a ReadProcessMemory or WriteProcessMemory request was completed. (0x12B)
[0929/170115.687:WARNING:pe_image_reader.cc(340)] could not read dos header from C:\Windows\SYSTEM32\WINSPOOL.DRV
[0929/170115.687:ERROR:process_memory_win.cc(73)] ReadMemory at 0x7ff824490000 of 64 bytes failed: Only part of a ReadProcessMemory or WriteProcessMemory request was completed. (0x12B)
[0929/170115.687:WARNING:pe_image_reader.cc(340)] could not read dos header from C:\Windows\System32\kernel.appcore.dll
[0929/170115.687:ERROR:process_memory_win.cc(73)] ReadMemory at 0x7ff825230000 of 64 bytes failed: Only part of a ReadProcessMemory or WriteProcessMemory request was completed. (0x12B)
[0929/170115.687:WARNING:pe_image_reader.cc(340)] could not read dos header from C:\Windows\System32\bcrypt.dll
[0929/170115.687:ERROR:process_memory_win.cc(73)] ReadMemory at 0x7ff818220000 of 64 bytes failed: Only part of a ReadProcessMemory or WriteProcessMemory request was completed. (0x12B)
[0929/170115.687:WARNING:pe_image_reader.cc(340)] could not read dos header from C:\Windows\SYSTEM32\dbghelp.dll
[0929/170115.687:ERROR:process_memory_win.cc(73)] ReadMemory at 0x7ff81a5d0000 of 64 bytes failed: Only part of a ReadProcessMemory or WriteProcessMemory request was completed. (0x12B)
[0929/170115.687:WARNING:pe_image_reader.cc(340)] could not read dos header from C:\Windows\SYSTEM32\WINHTTP.dll
[0929/170115.687:ERROR:process_memory_win.cc(73)] ReadMemory at 0x7ff81b710000 of 64 bytes failed: Only part of a ReadProcessMemory or WriteProcessMemory request was completed. (0x12B)
[0929/170115.687:WARNING:pe_image_reader.cc(340)] could not read dos header from C:\Windows\SYSTEM32\dhcpcsvc.DLL
[0929/170115.687:ERROR:process_memory_win.cc(73)] ReadMemory at 0x7ff8261b0000 of 64 bytes failed: Only part of a ReadProcessMemory or WriteProcessMemory request was completed. (0x12B)
[0929/170115.687:WARNING:pe_image_reader.cc(340)] could not read dos header from C:\Windows\System32\NSI.dll
[0929/170115.687:ERROR:process_memory_win.cc(73)] ReadMemory at 0x7ff8216b0000 of 64 bytes failed: Only part of a ReadProcessMemory or WriteProcessMemory request was completed. (0x12B)
[0929/170115.687:WARNING:pe_image_reader.cc(340)] could not read dos header from C:\Windows\SYSTEM32\WINMMBASE.dll
[0929/170115.687:ERROR:process_memory_win.cc(73)] ReadMemory at 0x7ff824f70000 of 64 bytes failed: Only part of a ReadProcessMemory or WriteProcessMemory request was completed. (0x12B)
[0929/170115.687:WARNING:pe_image_reader.cc(340)] could not read dos header from C:\Windows\System32\cfgmgr32.dll
[0929/170115.688:ERROR:process_memory_win.cc(73)] ReadMemory at 0x7ff820e20000 of 64 bytes failed: Only part of a ReadProcessMemory or WriteProcessMemory request was completed. (0x12B)
[0929/170115.688:WARNING:pe_image_reader.cc(340)] could not read dos header from C:\Windows\SYSTEM32\PROPSYS.dll
[0929/170115.688:ERROR:process_memory_win.cc(73)] ReadMemory at 0x7ff826aa0000 of 64 bytes failed: Only part of a ReadProcessMemory or WriteProcessMemory request was completed. (0x12B)
[0929/170115.688:WARNING:pe_image_reader.cc(340)] could not read dos header from C:\Windows\System32\shcore.dll
[0929/170115.688:ERROR:process_memory_win.cc(73)] ReadMemory at 0x7ff824330000 of 64 bytes failed: Only part of a ReadProcessMemory or WriteProcessMemory request was completed. (0x12B)
[0929/170115.688:WARNING:pe_image_reader.cc(340)] could not read dos header from C:\Windows\SYSTEM32\SSPICLI.DLL
[0929/170115.688:ERROR:process_memory_win.cc(73)] ReadMemory at 0x7ff8261c0000 of 64 bytes failed: Only part of a ReadProcessMemory or WriteProcessMemory request was completed. (0x12B)
[0929/170115.688:WARNING:pe_image_reader.cc(340)] could not read dos header from C:\Windows\System32\SHELL32.dll
[0929/170115.688:ERROR:process_memory_win.cc(73)] ReadMemory at 0x7ff8246f0000 of 64 bytes failed: Only part of a ReadProcessMemory or WriteProcessMemory request was completed. (0x12B)
[0929/170115.688:WARNING:pe_image_reader.cc(340)] could not read dos header from C:\Windows\System32\windows.storage.dll
[0929/170115.688:ERROR:process_memory_win.cc(73)] ReadMemory at 0x7ff824440000 of 64 bytes failed: Only part of a ReadProcessMemory or WriteProcessMemory request was completed. (0x12B)
[0929/170115.688:WARNING:pe_image_reader.cc(340)] could not read dos header from C:\Windows\System32\powrprof.dll
[0929/170115.688:ERROR:process_memory_win.cc(73)] ReadMemory at 0x7ff824410000 of 64 bytes failed: Only part of a ReadProcessMemory or WriteProcessMemory request was completed. (0x12B)
[0929/170115.688:WARNING:pe_image_reader.cc(340)] could not read dos header from C:\Windows\System32\UMPDC.dll
[0929/170115.688:ERROR:process_memory_win.cc(73)] ReadMemory at 0x7ff826ed0000 of 64 bytes failed: Only part of a ReadProcessMemory or WriteProcessMemory request was completed. (0x12B)
[0929/170115.688:WARNING:pe_image_reader.cc(340)] could not read dos header from C:\Windows\System32\shlwapi.dll
[0929/170115.688:ERROR:process_memory_win.cc(73)] ReadMemory at 0x7ff826010000 of 64 bytes failed: Only part of a ReadProcessMemory or WriteProcessMemory request was completed. (0x12B)
[0929/170115.688:WARNING:pe_image_reader.cc(340)] could not read dos header from C:\Windows\System32\GDI32.dll
[0929/170115.688:ERROR:process_memory_win.cc(73)] ReadMemory at 0x7ff825200000 of 64 bytes failed: Only part of a ReadProcessMemory or WriteProcessMemory request was completed. (0x12B)
[0929/170115.688:WARNING:pe_image_reader.cc(340)] could not read dos header from C:\Windows\System32\win32u.dll
[0929/170115.688:ERROR:process_memory_win.cc(73)] ReadMemory at 0x7ff824fc0000 of 64 bytes failed: Only part of a ReadProcessMemory or WriteProcessMemory request was completed. (0x12B)
[0929/170115.688:WARNING:pe_image_reader.cc(340)] could not read dos header from C:\Windows\System32\gdi32full.dll
[0929/170115.688:ERROR:process_memory_win.cc(73)] ReadMemory at 0x7ff826f90000 of 64 bytes failed: Only part of a ReadProcessMemory or WriteProcessMemory request was completed. (0x12B)
[0929/170115.688:WARNING:pe_image_reader.cc(340)] could not read dos header from C:\Windows\System32\USER32.dll
[0929/170115.689:ERROR:process_memory_win.cc(73)] ReadMemory at 0x7ff824580000 of 64 bytes failed: Only part of a ReadProcessMemory or WriteProcessMemory request was completed. (0x12B)
[0929/170115.689:WARNING:pe_image_reader.cc(340)] could not read dos header from C:\Windows\System32\cryptsp.dll
[0929/170115.689:ERROR:process_memory_win.cc(73)] ReadMemory at 0x7ff827350000 of 64 bytes failed: Only part of a ReadProcessMemory or WriteProcessMemory request was completed. (0x12B)
[0929/170115.689:WARNING:pe_image_reader.cc(340)] could not read dos header from C:\Windows\System32\IMM32.DLL
[0929/170115.689:ERROR:process_memory_win.cc(73)] ReadMemory at 0x7ff823df0000 of 64 bytes failed: Only part of a ReadProcessMemory or WriteProcessMemory request was completed. (0x12B)
[0929/170115.689:WARNING:pe_image_reader.cc(340)] could not read dos header from C:\Windows\SYSTEM32\CRYPTBASE.DLL
[0929/170115.713:ERROR:process_memory_win.cc(73)] ReadMemory at 0x29583e7000 of 102400 bytes failed: Only part of a ReadProcessMemory or WriteProcessMemory request was completed. (0x12B)
[0929/170115.714:ERROR:process_memory_win.cc(73)] ReadMemory at 0x2958bfd000 of 12288 bytes failed: Only part of a ReadProcessMemory or WriteProcessMemory request was completed. (0x12B)
[0929/170115.714:ERROR:process_memory_win.cc(73)] ReadMemory at 0x29593f7000 of 36864 bytes failed: Only part of a ReadProcessMemory or WriteProcessMemory request was completed. (0x12B)
[0929/170115.714:ERROR:process_memory_win.cc(73)] ReadMemory at 0x2959bfc000 of 16384 bytes failed: Only part of a ReadProcessMemory or WriteProcessMemory request was completed. (0x12B)
[0929/170115.714:ERROR:process_memory_win.cc(73)] ReadMemory at 0x295a3fb000 of 20480 bytes failed: Only part of a ReadProcessMemory or WriteProcessMemory request was completed. (0x12B)
[0929/170115.714:ERROR:process_memory_win.cc(73)] ReadMemory at 0x295abff000 of 4096 bytes failed: Only part of a ReadProcessMemory or WriteProcessMemory request was completed. (0x12B)
[0929/170115.715:ERROR:process_memory_win.cc(73)] ReadMemory at 0x295b3fd000 of 12288 bytes failed: Only part of a ReadProcessMemory or WriteProcessMemory request was completed. (0x12B)
[0929/170115.715:ERROR:process_memory_win.cc(73)] ReadMemory at 0x295bbfc000 of 16384 bytes failed: Only part of a ReadProcessMemory or WriteProcessMemory request was completed. (0x12B)
[0929/170115.715:ERROR:process_memory_win.cc(73)] ReadMemory at 0x295cbfc000 of 16384 bytes failed: Only part of a ReadProcessMemory or WriteProcessMemory request was completed. (0x12B)
[0929/170115.716:ERROR:process_memory_win.cc(73)] ReadMemory at 0x295d3f6000 of 40960 bytes failed: Only part of a ReadProcessMemory or WriteProcessMemory request was completed. (0x12B)
[0929/170115.716:ERROR:process_memory_win.cc(73)] ReadMemory at 0x295dbf5000 of 45056 bytes failed: Only part of a ReadProcessMemory or WriteProcessMemory request was completed. (0x12B)
[0929/170115.716:ERROR:process_memory_win.cc(73)] ReadMemory at 0x295e3fd000 of 12288 bytes failed: Only part of a ReadProcessMemory or WriteProcessMemory request was completed. (0x12B)
[0929/170115.716:ERROR:process_memory_win.cc(73)] ReadMemory at 0x295c3fd000 of 12288 bytes failed: Only part of a ReadProcessMemory or WriteProcessMemory request was completed. (0x12B)
[0929/170115.716:ERROR:process_memory_win.cc(73)] ReadMemory at 0x295ebfd000 of 12288 bytes failed: Only part of a ReadProcessMemory or WriteProcessMemory request was completed. (0x12B)
[0929/170115.716:ERROR:process_memory_win.cc(73)] ReadMemory at 0x2957b3d000 of 852 bytes failed: Only part of a ReadProcessMemory or WriteProcessMemory request was completed. (0x12B)
[0929/170115.716:ERROR:process_memory_win.cc(73)] ReadMemory at 0x2957b3e000 of 6024 bytes failed: Only part of a ReadProcessMemory or WriteProcessMemory request was completed. (0x12B)
[0929/170115.717:ERROR:process_memory_win.cc(73)] ReadMemory at 0x2957b40000 of 6024 bytes failed: Only part of a ReadProcessMemory or WriteProcessMemory request was completed. (0x12B)
[0929/170115.717:ERROR:process_memory_win.cc(73)] ReadMemory at 0x2957b42000 of 6024 bytes failed: Only part of a ReadProcessMemory or WriteProcessMemory request was completed. (0x12B)
[0929/170115.717:ERROR:process_memory_win.cc(73)] ReadMemory at 0x2957b44000 of 6024 bytes failed: Only part of a ReadProcessMemory or WriteProcessMemory request was completed. (0x12B)
[0929/170115.717:ERROR:process_memory_win.cc(73)] ReadMemory at 0x2957b46000 of 6024 bytes failed: Only part of a ReadProcessMemory or WriteProcessMemory request was completed. (0x12B)
[0929/170115.717:ERROR:process_memory_win.cc(73)] ReadMemory at 0x2957b48000 of 6024 bytes failed: Only part of a ReadProcessMemory or WriteProcessMemory request was completed. (0x12B)
[0929/170115.717:ERROR:process_memory_win.cc(73)] ReadMemory at 0x2957b4a000 of 6024 bytes failed: Only part of a ReadProcessMemory or WriteProcessMemory request was completed. (0x12B)
[0929/170115.717:ERROR:process_memory_win.cc(73)] ReadMemory at 0x2957b4c000 of 6024 bytes failed: Only part of a ReadProcessMemory or WriteProcessMemory request was completed. (0x12B)
[0929/170115.717:ERROR:process_memory_win.cc(73)] ReadMemory at 0x2957b50000 of 6024 bytes failed: Only part of a ReadProcessMemory or WriteProcessMemory request was completed. (0x12B)
[0929/170115.718:ERROR:process_memory_win.cc(73)] ReadMemory at 0x2957b52000 of 6024 bytes failed: Only part of a ReadProcessMemory or WriteProcessMemory request was completed. (0x12B)
[0929/170115.718:ERROR:process_memory_win.cc(73)] ReadMemory at 0x2957b54000 of 6024 bytes failed: Only part of a ReadProcessMemory or WriteProcessMemory request was completed. (0x12B)
[0929/170115.718:ERROR:process_memory_win.cc(73)] ReadMemory at 0x2957b56000 of 6024 bytes failed: Only part of a ReadProcessMemory or WriteProcessMemory request was completed. (0x12B)
[0929/170115.718:ERROR:process_memory_win.cc(73)] ReadMemory at 0x2957b62000 of 6024 bytes failed: Only part of a ReadProcessMemory or WriteProcessMemory request was completed. (0x12B)
[0929/170115.718:ERROR:process_memory_win.cc(73)] ReadMemory at 0x2957b68000 of 6024 bytes failed: Only part of a ReadProcessMemory or WriteProcessMemory request was completed. (0x12B)
[0929/170115.718:ERROR:process_memory_win.cc(73)] ReadMemory at 0x18410c91300 of 512 bytes failed: Only part of a ReadProcessMemory or WriteProcessMemory request was completed. (0x12B)
[0929/170115.718:ERROR:process_memory_win.cc(73)] ReadMemory at 0x18410d40fe0 of 4800 bytes failed: Only part of a ReadProcessMemory or WriteProcessMemory request was completed. (0x12B)
[0929/170115.718:ERROR:process_memory_win.cc(73)] ReadMemory at 0x18410d422b0 of 1012 bytes failed: Only part of a ReadProcessMemory or WriteProcessMemory request was completed. (0x12B)
[0929/170115.718:ERROR:process_memory_win.cc(73)] ReadMemory at 0x18410d428f8 of 118 bytes failed: Only part of a ReadProcessMemory or WriteProcessMemory request was completed. (0x12B)
[0929/170115.718:ERROR:process_memory_win.cc(73)] ReadMemory at 0x18410d42970 of 1178 bytes failed: Only part of a ReadProcessMemory or WriteProcessMemory request was completed. (0x12B)
[0929/170115.718:ERROR:process_memory_win.cc(73)] ReadMemory at 0x18410d42e0c of 118 bytes failed: Only part of a ReadProcessMemory or WriteProcessMemory request was completed. (0x12B)
[0929/170115.719:ERROR:process_memory_win.cc(73)] ReadMemory at 0x18410d42e84 of 98 bytes failed: Only part of a ReadProcessMemory or WriteProcessMemory request was completed. (0x12B)
[0929/170115.719:ERROR:process_memory_win.cc(73)] ReadMemory at 0x18410d42f00 of 58 bytes failed: Only part of a ReadProcessMemory or WriteProcessMemory request was completed. (0x12B)
[0929/170115.719:ERROR:process_memory_win.cc(73)] ReadMemory at 0x18410d43000 of 132 bytes failed: Only part of a ReadProcessMemory or WriteProcessMemory request was completed. (0x12B)
[0929/170115.719:ERROR:process_memory_win.cc(73)] ReadMemory at 0x18410d43190 of 132 bytes failed: Only part of a ReadProcessMemory or WriteProcessMemory request was completed. (0x12B)
[0929/170115.719:ERROR:process_memory_win.cc(73)] ReadMemory at 0x18410d43350 of 126 bytes failed: Only part of a ReadProcessMemory or WriteProcessMemory request was completed. (0x12B)
[0929/170115.719:ERROR:process_memory_win.cc(73)] ReadMemory at 0x18410d43730 of 132 bytes failed: Only part of a ReadProcessMemory or WriteProcessMemory request was completed. (0x12B)
[0929/170115.719:ERROR:process_memory_win.cc(73)] ReadMemory at 0x18410d438c0 of 64 bytes failed: Only part of a ReadProcessMemory or WriteProcessMemory request was completed. (0x12B)
[0929/170115.719:ERROR:process_memory_win.cc(73)] ReadMemory at 0x18410d43a80 of 132 bytes failed: Only part of a ReadProcessMemory or WriteProcessMemory request was completed. (0x12B)
[0929/170115.719:ERROR:process_memory_win.cc(73)] ReadMemory at 0x18410d43d20 of 132 bytes failed: Only part of a ReadProcessMemory or WriteProcessMemory request was completed. (0x12B)
[0929/170115.719:ERROR:process_memory_win.cc(73)] ReadMemory at 0x18410d43eb0 of 68 bytes failed: Only part of a ReadProcessMemory or WriteProcessMemory request was completed. (0x12B)
[0929/170115.719:ERROR:process_memory_win.cc(73)] ReadMemory at 0x18410d45090 of 132 bytes failed: Only part of a ReadProcessMemory or WriteProcessMemory request was completed. (0x12B)
[0929/170115.719:ERROR:process_memory_win.cc(73)] ReadMemory at 0x18410d451c0 of 154 bytes failed: Only part of a ReadProcessMemory or WriteProcessMemory request was completed. (0x12B)
[0929/170115.719:ERROR:process_memory_win.cc(73)] ReadMemory at 0x18410d45fb0 of 62 bytes failed: Only part of a ReadProcessMemory or WriteProcessMemory request was completed. (0x12B)
[0929/170115.719:ERROR:process_memory_win.cc(73)] ReadMemory at 0x18410d461a0 of 60 bytes failed: Only part of a ReadProcessMemory or WriteProcessMemory request was completed. (0x12B)
[0929/170115.719:ERROR:process_memory_win.cc(73)] ReadMemory at 0x18410d46750 of 132 bytes failed: Only part of a ReadProcessMemory or WriteProcessMemory request was completed. (0x12B)
[0929/170115.720:ERROR:process_memory_win.cc(73)] ReadMemory at 0x18410d4e1f0 of 54 bytes failed: Only part of a ReadProcessMemory or WriteProcessMemory request was completed. (0x12B)
[0929/170115.720:ERROR:process_memory_win.cc(73)] ReadMemory at 0x18410d515e0 of 80 bytes failed: Only part of a ReadProcessMemory or WriteProcessMemory request was completed. (0x12B)
[0929/170115.720:ERROR:process_memory_win.cc(73)] ReadMemory at 0x18410d53480 of 132 bytes failed: Only part of a ReadProcessMemory or WriteProcessMemory request was completed. (0x12B)
[0929/170115.720:ERROR:process_memory_win.cc(73)] ReadMemory at 0x18410d536a0 of 132 bytes failed: Only part of a ReadProcessMemory or WriteProcessMemory request was completed. (0x12B)
[0929/170115.720:ERROR:process_memory_win.cc(73)] ReadMemory at 0x18410d55020 of 132 bytes failed: Only part of a ReadProcessMemory or WriteProcessMemory request was completed. (0x12B)
[0929/170115.720:ERROR:process_memory_win.cc(73)] ReadMemory at 0x18410d55a70 of 132 bytes failed: Only part of a ReadProcessMemory or WriteProcessMemory request was completed. (0x12B)
[0929/170115.720:ERROR:process_memory_win.cc(73)] ReadMemory at 0x18410d55dd0 of 132 bytes failed: Only part of a ReadProcessMemory or WriteProcessMemory request was completed. (0x12B)
[0929/170115.720:ERROR:process_memory_win.cc(73)] ReadMemory at 0x18410d55fe0 of 132 bytes failed: Only part of a ReadProcessMemory or WriteProcessMemory request was completed. (0x12B)
[0929/170115.720:ERROR:process_memory_win.cc(73)] ReadMemory at 0x18410d56310 of 132 bytes failed: Only part of a ReadProcessMemory or WriteProcessMemory request was completed. (0x12B)
[0929/170115.720:ERROR:process_memory_win.cc(73)] ReadMemory at 0x18410d56440 of 132 bytes failed: Only part of a ReadProcessMemory or WriteProcessMemory request was completed. (0x12B)
[0929/170115.720:ERROR:process_memory_win.cc(73)] ReadMemory at 0x18410d56570 of 132 bytes failed: Only part of a ReadProcessMemory or WriteProcessMemory request was completed. (0x12B)
[0929/170115.721:ERROR:process_memory_win.cc(73)] ReadMemory at 0x18410d566a0 of 132 bytes failed: Only part of a ReadProcessMemory or WriteProcessMemory request was completed. (0x12B)
[0929/170115.721:ERROR:process_memory_win.cc(73)] ReadMemory at 0x18410d567d0 of 132 bytes failed: Only part of a ReadProcessMemory or WriteProcessMemory request was completed. (0x12B)
[0929/170115.721:ERROR:process_memory_win.cc(73)] ReadMemory at 0x18410d56900 of 132 bytes failed: Only part of a ReadProcessMemory or WriteProcessMemory request was completed. (0x12B)
[0929/170115.721:ERROR:process_memory_win.cc(73)] ReadMemory at 0x18410d56a30 of 132 bytes failed: Only part of a ReadProcessMemory or WriteProcessMemory request was completed. (0x12B)
[0929/170115.721:ERROR:process_memory_win.cc(73)] ReadMemory at 0x18410d56b60 of 132 bytes failed: Only part of a ReadProcessMemory or WriteProcessMemory request was completed. (0x12B)
[0929/170115.721:ERROR:process_memory_win.cc(73)] ReadMemory at 0x18410d56c90 of 132 bytes failed: Only part of a ReadProcessMemory or WriteProcessMemory request was completed. (0x12B)
[0929/170115.721:ERROR:process_memory_win.cc(73)] ReadMemory at 0x18410d56ef0 of 132 bytes failed: Only part of a ReadProcessMemory or WriteProcessMemory request was completed. (0x12B)
[0929/170115.721:ERROR:process_memory_win.cc(73)] ReadMemory at 0x18410d57020 of 132 bytes failed: Only part of a ReadProcessMemory or WriteProcessMemory request was completed. (0x12B)
[0929/170115.721:ERROR:process_memory_win.cc(73)] ReadMemory at 0x18410d57150 of 132 bytes failed: Only part of a ReadProcessMemory or WriteProcessMemory request was completed. (0x12B)
[0929/170115.722:ERROR:process_memory_win.cc(73)] ReadMemory at 0x18410d587b0 of 132 bytes failed: Only part of a ReadProcessMemory or WriteProcessMemory request was completed. (0x12B)
[0929/170115.722:ERROR:process_memory_win.cc(73)] ReadMemory at 0x18410d58da0 of 132 bytes failed: Only part of a ReadProcessMemory or WriteProcessMemory request was completed. (0x12B)
[0929/170115.722:ERROR:process_memory_win.cc(73)] ReadMemory at 0x18410d58ed0 of 132 bytes failed: Only part of a ReadProcessMemory or WriteProcessMemory request was completed. (0x12B)
[0929/170115.722:ERROR:process_memory_win.cc(73)] ReadMemory at 0x18410d5ac70 of 62 bytes failed: Only part of a ReadProcessMemory or WriteProcessMemory request was completed. (0x12B)
[0929/170115.722:ERROR:process_memory_win.cc(73)] ReadMemory at 0x18410d5acc0 of 60 bytes failed: Only part of a ReadProcessMemory or WriteProcessMemory request was completed. (0x12B)
[0929/170115.722:ERROR:process_memory_win.cc(73)] ReadMemory at 0x18410d5ae00 of 62 bytes failed: Only part of a ReadProcessMemory or WriteProcessMemory request was completed. (0x12B)
[0929/170115.722:ERROR:process_memory_win.cc(73)] ReadMemory at 0x18410d5af40 of 60 bytes failed: Only part of a ReadProcessMemory or WriteProcessMemory request was completed. (0x12B)
[0929/170115.722:ERROR:process_memory_win.cc(73)] ReadMemory at 0x18410d5afe0 of 62 bytes failed: Only part of a ReadProcessMemory or WriteProcessMemory request was completed. (0x12B)
[0929/170115.722:ERROR:process_memory_win.cc(73)] ReadMemory at 0x18410d5b030 of 60 bytes failed: Only part of a ReadProcessMemory or WriteProcessMemory request was completed. (0x12B)
[0929/170115.722:ERROR:process_memory_win.cc(73)] ReadMemory at 0x18410d5b080 of 62 bytes failed: Only part of a ReadProcessMemory or WriteProcessMemory request was completed. (0x12B)
[0929/170115.723:ERROR:process_memory_win.cc(73)] ReadMemory at 0x18410d5b0d0 of 64 bytes failed: Only part of a ReadProcessMemory or WriteProcessMemory request was completed. (0x12B)
[0929/170115.723:ERROR:process_memory_win.cc(73)] ReadMemory at 0x18410d5b170 of 60 bytes failed: Only part of a ReadProcessMemory or WriteProcessMemory request was completed. (0x12B)
[0929/170115.723:ERROR:process_memory_win.cc(73)] ReadMemory at 0x18410d5b1c0 of 62 bytes failed: Only part of a ReadProcessMemory or WriteProcessMemory request was completed. (0x12B)
[0929/170115.723:ERROR:process_memory_win.cc(73)] ReadMemory at 0x18410d5b210 of 64 bytes failed: Only part of a ReadProcessMemory or WriteProcessMemory request was completed. (0x12B)
[0929/170115.723:ERROR:process_memory_win.cc(73)] ReadMemory at 0x18410d5b2b0 of 64 bytes failed: Only part of a ReadProcessMemory or WriteProcessMemory request was completed. (0x12B)
[0929/170115.723:ERROR:process_memory_win.cc(73)] ReadMemory at 0x18410d5b350 of 62 bytes failed: Only part of a ReadProcessMemory or WriteProcessMemory request was completed. (0x12B)
[0929/170115.723:ERROR:process_memory_win.cc(73)] ReadMemory at 0x18410d5b580 of 62 bytes failed: Only part of a ReadProcessMemory or WriteProcessMemory request was completed. (0x12B)
[0929/170115.723:ERROR:process_memory_win.cc(73)] ReadMemory at 0x18410d5b5d0 of 66 bytes failed: Only part of a ReadProcessMemory or WriteProcessMemory request was completed. (0x12B)
[0929/170115.723:ERROR:process_memory_win.cc(73)] ReadMemory at 0x18410d5b620 of 60 bytes failed: Only part of a ReadProcessMemory or WriteProcessMemory request was completed. (0x12B)
[0929/170115.723:ERROR:process_memory_win.cc(73)] ReadMemory at 0x18410d5b670 of 62 bytes failed: Only part of a ReadProcessMemory or WriteProcessMemory request was completed. (0x12B)
[0929/170115.724:ERROR:process_memory_win.cc(73)] ReadMemory at 0x18410d5b6c0 of 64 bytes failed: Only part of a ReadProcessMemory or WriteProcessMemory request was completed. (0x12B)
[0929/170115.724:ERROR:process_memory_win.cc(73)] ReadMemory at 0x18410d5b710 of 62 bytes failed: Only part of a ReadProcessMemory or WriteProcessMemory request was completed. (0x12B)
[0929/170115.724:ERROR:process_memory_win.cc(73)] ReadMemory at 0x18410d5b760 of 58 bytes failed: Only part of a ReadProcessMemory or WriteProcessMemory request was completed. (0x12B)
[0929/170115.724:ERROR:process_memory_win.cc(73)] ReadMemory at 0x18410d5b7b0 of 62 bytes failed: Only part of a ReadProcessMemory or WriteProcessMemory request was completed. (0x12B)
[0929/170115.724:ERROR:process_memory_win.cc(73)] ReadMemory at 0x18410d5b850 of 64 bytes failed: Only part of a ReadProcessMemory or WriteProcessMemory request was completed. (0x12B)
[0929/170115.724:ERROR:process_memory_win.cc(73)] ReadMemory at 0x18410d5b8f0 of 60 bytes failed: Only part of a ReadProcessMemory or WriteProcessMemory request was completed. (0x12B)
[0929/170115.724:ERROR:process_memory_win.cc(73)] ReadMemory at 0x18410d5b9e0 of 64 bytes failed: Only part of a ReadProcessMemory or WriteProcessMemory request was completed. (0x12B)
[0929/170115.724:ERROR:process_memory_win.cc(73)] ReadMemory at 0x18410d5ba80 of 66 bytes failed: Only part of a ReadProcessMemory or WriteProcessMemory request was completed. (0x12B)
[0929/170115.724:ERROR:process_memory_win.cc(73)] ReadMemory at 0x18410d5bad0 of 64 bytes failed: Only part of a ReadProcessMemory or WriteProcessMemory request was completed. (0x12B)
[0929/170115.724:ERROR:process_memory_win.cc(73)] ReadMemory at 0x18410d5bbc0 of 64 bytes failed: Only part of a ReadProcessMemory or WriteProcessMemory request was completed. (0x12B)
[0929/170115.725:ERROR:process_memory_win.cc(73)] ReadMemory at 0x18410d60c00 of 132 bytes failed: Only part of a ReadProcessMemory or WriteProcessMemory request was completed. (0x12B)
[0929/170115.725:ERROR:process_memory_win.cc(73)] ReadMemory at 0x18410d60d30 of 146 bytes failed: Only part of a ReadProcessMemory or WriteProcessMemory request was completed. (0x12B)
[0929/170115.725:ERROR:process_memory_win.cc(73)] ReadMemory at 0x18410d63820 of 132 bytes failed: Only part of a ReadProcessMemory or WriteProcessMemory request was completed. (0x12B)
[0929/170115.725:ERROR:process_memory_win.cc(73)] ReadMemory at 0x18410d63950 of 132 bytes failed: Only part of a ReadProcessMemory or WriteProcessMemory request was completed. (0x12B)
[0929/170115.725:ERROR:process_memory_win.cc(73)] ReadMemory at 0x18410d63a80 of 132 bytes failed: Only part of a ReadProcessMemory or WriteProcessMemory request was completed. (0x12B)
[0929/170115.725:ERROR:process_memory_win.cc(73)] ReadMemory at 0x18410d63bb0 of 132 bytes failed: Only part of a ReadProcessMemory or WriteProcessMemory request was completed. (0x12B)
[0929/170115.725:ERROR:process_memory_win.cc(73)] ReadMemory at 0x18410d63ce0 of 132 bytes failed: Only part of a ReadProcessMemory or WriteProcessMemory request was completed. (0x12B)
[0929/170115.725:ERROR:process_memory_win.cc(73)] ReadMemory at 0x18410d63e10 of 132 bytes failed: Only part of a ReadProcessMemory or WriteProcessMemory request was completed. (0x12B)
[0929/170115.725:ERROR:process_memory_win.cc(73)] ReadMemory at 0x18410d642d0 of 132 bytes failed: Only part of a ReadProcessMemory or WriteProcessMemory request was completed. (0x12B)
[0929/170115.725:ERROR:process_memory_win.cc(73)] ReadMemory at 0x18410d64400 of 132 bytes failed: Only part of a ReadProcessMemory or WriteProcessMemory request was completed. (0x12B)
[0929/170115.726:ERROR:process_memory_win.cc(73)] ReadMemory at 0x18410d64530 of 132 bytes failed: Only part of a ReadProcessMemory or WriteProcessMemory request was completed. (0x12B)
[0929/170115.726:ERROR:process_memory_win.cc(73)] ReadMemory at 0x18410d64660 of 132 bytes failed: Only part of a ReadProcessMemory or WriteProcessMemory request was completed. (0x12B)
[0929/170115.726:ERROR:process_memory_win.cc(73)] ReadMemory at 0x18410d64790 of 132 bytes failed: Only part of a ReadProcessMemory or WriteProcessMemory request was completed. (0x12B)
[0929/170115.726:ERROR:process_memory_win.cc(73)] ReadMemory at 0x18410d648c0 of 132 bytes failed: Only part of a ReadProcessMemory or WriteProcessMemory request was completed. (0x12B)
[0929/170115.726:ERROR:process_memory_win.cc(73)] ReadMemory at 0x18410d649f0 of 132 bytes failed: Only part of a ReadProcessMemory or WriteProcessMemory request was completed. (0x12B)
[0929/170115.726:ERROR:process_memory_win.cc(73)] ReadMemory at 0x18410d64b20 of 132 bytes failed: Only part of a ReadProcessMemory or WriteProcessMemory request was completed. (0x12B)
[0929/170115.726:ERROR:process_memory_win.cc(73)] ReadMemory at 0x18410d64c50 of 132 bytes failed: Only part of a ReadProcessMemory or WriteProcessMemory request was completed. (0x12B)
[0929/170115.726:ERROR:process_memory_win.cc(73)] ReadMemory at 0x18410d64d80 of 132 bytes failed: Only part of a ReadProcessMemory or WriteProcessMemory request was completed. (0x12B)
[0929/170115.726:ERROR:process_memory_win.cc(73)] ReadMemory at 0x18410d64eb0 of 132 bytes failed: Only part of a ReadProcessMemory or WriteProcessMemory request was completed. (0x12B)
[0929/170115.726:ERROR:process_memory_win.cc(73)] ReadMemory at 0x18410d64fe0 of 132 bytes failed: Only part of a ReadProcessMemory or WriteProcessMemory request was completed. (0x12B)
[0929/170115.727:ERROR:process_memory_win.cc(73)] ReadMemory at 0x18410d65110 of 132 bytes failed: Only part of a ReadProcessMemory or WriteProcessMemory request was completed. (0x12B)
[0929/170115.727:ERROR:process_memory_win.cc(73)] ReadMemory at 0x18410d65240 of 132 bytes failed: Only part of a ReadProcessMemory or WriteProcessMemory request was completed. (0x12B)
[0929/170115.727:ERROR:process_memory_win.cc(73)] ReadMemory at 0x18410d655d0 of 132 bytes failed: Only part of a ReadProcessMemory or WriteProcessMemory request was completed. (0x12B)
[0929/170115.727:ERROR:process_memory_win.cc(73)] ReadMemory at 0x18410d66010 of 80 bytes failed: Only part of a ReadProcessMemory or WriteProcessMemory request was completed. (0x12B)
[0929/170115.727:ERROR:process_memory_win.cc(73)] ReadMemory at 0x18410d663d0 of 78 bytes failed: Only part of a ReadProcessMemory or WriteProcessMemory request was completed. (0x12B)
[0929/170115.728:ERROR:process_memory_win.cc(73)] ReadMemory at 0x18410d666d0 of 76 bytes failed: Only part of a ReadProcessMemory or WriteProcessMemory request was completed. (0x12B)
[0929/170115.728:ERROR:process_memory_win.cc(73)] ReadMemory at 0x18410d87750 of 60 bytes failed: Only part of a ReadProcessMemory or WriteProcessMemory request was completed. (0x12B)
[0929/170115.728:ERROR:process_memory_win.cc(73)] ReadMemory at 0x18410d877f0 of 66 bytes failed: Only part of a ReadProcessMemory or WriteProcessMemory request was completed. (0x12B)
[0929/170115.728:ERROR:process_memory_win.cc(73)] ReadMemory at 0x18410d878e0 of 58 bytes failed: Only part of a ReadProcessMemory or WriteProcessMemory request was completed. (0x12B)
[0929/170115.728:ERROR:process_memory_win.cc(73)] ReadMemory at 0x18410d87980 of 60 bytes failed: Only part of a ReadProcessMemory or WriteProcessMemory request was completed. (0x12B)
[0929/170115.728:ERROR:process_memory_win.cc(73)] ReadMemory at 0x18410d87ca0 of 62 bytes failed: Only part of a ReadProcessMemory or WriteProcessMemory request was completed. (0x12B)
[0929/170115.728:ERROR:process_memory_win.cc(73)] ReadMemory at 0x18410d87de0 of 64 bytes failed: Only part of a ReadProcessMemory or WriteProcessMemory request was completed. (0x12B)
[0929/170115.728:ERROR:process_memory_win.cc(73)] ReadMemory at 0x18410d87e80 of 58 bytes failed: Only part of a ReadProcessMemory or WriteProcessMemory request was completed. (0x12B)
[0929/170115.728:ERROR:process_memory_win.cc(73)] ReadMemory at 0x18410d87f20 of 58 bytes failed: Only part of a ReadProcessMemory or WriteProcessMemory request was completed. (0x12B)
[0929/170115.728:ERROR:process_memory_win.cc(73)] ReadMemory at 0x18410d87f70 of 62 bytes failed: Only part of a ReadProcessMemory or WriteProcessMemory request was completed. (0x12B)
[0929/170115.729:ERROR:process_memory_win.cc(73)] ReadMemory at 0x18410d88010 of 62 bytes failed: Only part of a ReadProcessMemory or WriteProcessMemory request was completed. (0x12B)
[0929/170115.729:ERROR:process_memory_win.cc(73)] ReadMemory at 0x18410dbbc30 of 512 bytes failed: Only part of a ReadProcessMemory or WriteProcessMemory request was completed. (0x12B)
[0929/170115.729:ERROR:process_memory_win.cc(73)] ReadMemory at 0x18410dbbf30 of 512 bytes failed: Only part of a ReadProcessMemory or WriteProcessMemory request was completed. (0x12B)
[0929/170115.729:ERROR:process_memory_win.cc(73)] ReadMemory at 0x18410dc1380 of 512 bytes failed: Only part of a ReadProcessMemory or WriteProcessMemory request was completed. (0x12B)
[0929/170115.729:ERROR:process_memory_win.cc(73)] ReadMemory at 0x18410dc3510 of 512 bytes failed: Only part of a ReadProcessMemory or WriteProcessMemory request was completed. (0x12B)
[0929/170115.729:ERROR:process_memory_win.cc(73)] ReadMemory at 0x18410dd5610 of 512 bytes failed: Only part of a ReadProcessMemory or WriteProcessMemory request was completed. (0x12B)
[0929/170115.729:ERROR:process_memory_win.cc(73)] ReadMemory at 0x18410dd7080 of 512 bytes failed: Only part of a ReadProcessMemory or WriteProcessMemory request was completed. (0x12B)
[0929/170115.729:ERROR:process_memory_win.cc(73)] ReadMemory at 0x18410dd8be0 of 512 bytes failed: Only part of a ReadProcessMemory or WriteProcessMemory request was completed. (0x12B)
[0929/170115.729:ERROR:process_memory_win.cc(73)] ReadMemory at 0x18410dd8f50 of 512 bytes failed: Only part of a ReadProcessMemory or WriteProcessMemory request was completed. (0x12B)
[0929/170115.729:ERROR:process_memory_win.cc(73)] ReadMemory at 0x18410de8290 of 712 bytes failed: Only part of a ReadProcessMemory or WriteProcessMemory request was completed. (0x12B)
[0929/170115.730:ERROR:process_memory_win.cc(73)] ReadMemory at 0x18410dfcf10 of 512 bytes failed: Only part of a ReadProcessMemory or WriteProcessMemory request was completed. (0x12B)
[0929/170115.730:ERROR:process_memory_win.cc(73)] ReadMemory at 0x18410e23870 of 512 bytes failed: Only part of a ReadProcessMemory or WriteProcessMemory request was completed. (0x12B)
[0929/170115.730:ERROR:process_memory_win.cc(73)] ReadMemory at 0x18410e30d72 of 512 bytes failed: Only part of a ReadProcessMemory or WriteProcessMemory request was completed. (0x12B)
[0929/170115.730:ERROR:process_memory_win.cc(73)] ReadMemory at 0x184128cbcc8 of 512 bytes failed: Only part of a ReadProcessMemory or WriteProcessMemory request was completed. (0x12B)
[0929/170115.730:ERROR:process_memory_win.cc(73)] ReadMemory at 0x184128f9ee0 of 512 bytes failed: Only part of a ReadProcessMemory or WriteProcessMemory request was completed. (0x12B)
[0929/170115.730:ERROR:process_memory_win.cc(73)] ReadMemory at 0x18414108f08 of 512 bytes failed: Only part of a ReadProcessMemory or WriteProcessMemory request was completed. (0x12B)
[0929/170115.730:ERROR:process_memory_win.cc(73)] ReadMemory at 0x18414234014 of 512 bytes failed: Only part of a ReadProcessMemory or WriteProcessMemory request was completed. (0x12B)
[0929/170115.730:ERROR:process_memory_win.cc(73)] ReadMemory at 0x1841423ff0e of 754 bytes failed: Only part of a ReadProcessMemory or WriteProcessMemory request was completed. (0x12B)
[0929/170115.730:ERROR:process_memory_win.cc(73)] ReadMemory at 0x18414344f70 of 512 bytes failed: Only part of a ReadProcessMemory or WriteProcessMemory request was completed. (0x12B)
[0929/170115.731:ERROR:process_memory_win.cc(73)] ReadMemory at 0x184146db6e0 of 512 bytes failed: Only part of a ReadProcessMemory or WriteProcessMemory request was completed. (0x12B)
[0929/170115.731:ERROR:process_memory_win.cc(73)] ReadMemory at 0x18415e63b40 of 512 bytes failed: Only part of a ReadProcessMemory or WriteProcessMemory request was completed. (0x12B)
[0929/170115.731:ERROR:process_memory_win.cc(73)] ReadMemory at 0x18415e6bb10 of 512 bytes failed: Only part of a ReadProcessMemory or WriteProcessMemory request was completed. (0x12B)
[0929/170115.731:ERROR:process_memory_win.cc(73)] ReadMemory at 0x1d5600000000 of 384 bytes failed: Only part of a ReadProcessMemory or WriteProcessMemory request was completed. (0x12B)
[0929/170115.731:ERROR:process_memory_win.cc(73)] ReadMemory at 0x1d5608b26ff9 of 512 bytes failed: Only part of a ReadProcessMemory or WriteProcessMemory request was completed. (0x12B)
[0929/170115.731:ERROR:process_memory_win.cc(73)] ReadMemory at 0x7ff8252fa7b9 of 512 bytes failed: Only part of a ReadProcessMemory or WriteProcessMemory request was completed. (0x12B)
[0929/170115.731:ERROR:process_memory_win.cc(73)] ReadMemory at 0x7ff82552a710 of 512 bytes failed: Only part of a ReadProcessMemory or WriteProcessMemory request was completed. (0x12B)
[0929/170115.731:ERROR:process_memory_win.cc(73)] ReadMemory at 0x7ff8268c1cf0 of 512 bytes failed: Only part of a ReadProcessMemory or WriteProcessMemory request was completed. (0x12B)
[0929/170115.732:ERROR:process_memory_win.cc(73)] ReadMemory at 0x7ff8275dc064 of 672 bytes failed: Only part of a ReadProcessMemory or WriteProcessMemory request was completed. (0x12B)
[0929/170115.732:ERROR:process_memory_win.cc(73)] ReadMemory at 0x7ff8275dc664 of 512 bytes failed: Only part of a ReadProcessMemory or WriteProcessMemory request was completed. (0x12B)
[0929/170115.732:ERROR:process_memory_win.cc(73)] ReadMemory at 0x7ff8275df914 of 608 bytes failed: Only part of a ReadProcessMemory or WriteProcessMemory request was completed. (0x12B)
[0929/170115.732:ERROR:process_memory_win.cc(73)] ReadMemory at 0x7ff82766c418 of 18 bytes failed: Only part of a ReadProcessMemory or WriteProcessMemory request was completed. (0x12B)
[0929/170115.732:ERROR:process_memory_win.cc(73)] ReadMemory at 0x7ff82769f4f8 of 40 bytes failed: Only part of a ReadProcessMemory or WriteProcessMemory request was completed. (0x12B)
[0929/170115.732:ERROR:process_memory_win.cc(73)] ReadMemory at 0x7ff82769f978 of 48 bytes failed: Only part of a ReadProcessMemory or WriteProcessMemory request was completed. (0x12B)
[0929/170115.732:ERROR:process_memory_win.cc(73)] ReadMemory at 0x7ff8276a53c0 of 64 bytes failed: Only part of a ReadProcessMemory or WriteProcessMemory request was completed. (0x12B)
[0929/170115.732:ERROR:process_memory_win.cc(73)] ReadMemory at 0x7fffe33e6cd0 of 512 bytes failed: Only part of a ReadProcessMemory or WriteProcessMemory request was completed. (0x12B)
[0929/170115.733:ERROR:process_memory_win.cc(73)] ReadMemory at 0x7fffe3906811 of 512 bytes failed: Only part of a ReadProcessMemory or WriteProcessMemory request was completed. (0x12B)
[0929/170115.733:ERROR:process_memory_win.cc(73)] ReadMemory at 0x7fffe5029cfb of 512 bytes failed: Only part of a ReadProcessMemory or WriteProcessMemory request was completed. (0x12B)
[0929/170115.733:ERROR:process_memory_win.cc(73)] ReadMemory at 0x7fffeb2c3ab2 of 512 bytes failed: Only part of a ReadProcessMemory or WriteProcessMemory request was completed. (0x12B)
[0929/170115.735:ERROR:scoped_process_suspend.cc(40)] NtResumeProcess: An attempt was made to access an exiting process. (0xc000010a)
